<?xml version="1.0" encoding="UTF-8"?>
<testng-results skipped="0" failed="0" ignored="0" total="1" passed="1">
  <reporter-output>
  </reporter-output>
  <suite name="Suite" duration-ms="18413" started-at="2021-06-09T15:55:07Z" finished-at="2021-06-09T15:55:25Z">
    <groups>
    </groups>
    <test name="Test" duration-ms="18413" started-at="2021-06-09T15:55:07Z" finished-at="2021-06-09T15:55:25Z">
      <class name="org.testng.Sample">
        <test-method status="PASS" signature="testCaseStarts()[pri:0, instance:org.testng.Sample@1bce4f0a]" name="testCaseStarts" is-config="true" duration-ms="187" started-at="2021-06-09T15:55:07Z" finished-at="2021-06-09T15:55:07Z">
          <reporter-output>
          </reporter-output>
        </test-method> <!-- testCaseStarts -->
        <test-method status="PASS" signature="OpenBrowser()[pri:0, instance:org.testng.Sample@1bce4f0a]" name="OpenBrowser" is-config="true" duration-ms="12564" started-at="2021-06-09T15:55:07Z" finished-at="2021-06-09T15:55:20Z">
          <reporter-output>
          </reporter-output>
        </test-method> <!-- OpenBrowser -->
        <test-method status="PASS" signature="TestCase1()[pri:0, instance:org.testng.Sample@1bce4f0a]" name="TestCase1" duration-ms="3547" started-at="2021-06-09T15:55:20Z" finished-at="2021-06-09T15:55:23Z">
          <reporter-output>
          </reporter-output>
        </test-method> <!-- TestCase1 -->
        <test-method status="PASS" signature="CloseBrowser()[pri:0, instance:org.testng.Sample@1bce4f0a]" name="CloseBrowser" is-config="true" duration-ms="2042" started-at="2021-06-09T15:55:23Z" finished-at="2021-06-09T15:55:25Z">
          <reporter-output>
          </reporter-output>
        </test-method> <!-- CloseBrowser -->
        <test-method status="PASS" signature="testCaseEnds()[pri:0, instance:org.testng.Sample@1bce4f0a]" name="testCaseEnds" is-config="true" duration-ms="1" started-at="2021-06-09T15:55:25Z" finished-at="2021-06-09T15:55:25Z">
          <reporter-output>
          </reporter-output>
        </test-method> <!-- testCaseEnds -->
      </class> <!-- org.testng.Sample -->
    </test> <!-- Test -->
  </suite> <!-- Suite -->
</testng-results>
